<?xml version="1.0" encoding="UTF-8"?>
<testsuite name="com.kodilla.RPSTestSuite" tests="3" skipped="0" failures="0" errors="0" timestamp="2021-11-27T16:56:17" hostname="LAPTOP-LSSOCV86" time="0.069">
  <properties/>
  <testcase name="testRPSRules()" classname="com.kodilla.RPSTestSuite" time="0.053"/>
  <testcase name="testRPSLSRules()" classname="com.kodilla.RPSTestSuite" time="0.003"/>
  <testcase name="testIsNaturalNumber()" classname="com.kodilla.RPSTestSuite" time="0.008"/>
  <system-out><![CDATA[]]></system-out>
  <system-err><![CDATA[]]></system-err>
</testsuite>
