<?xml version="1.0" encoding="UTF-8"?>
<testsuite name="com.RPSTestSuite" tests="3" skipped="0" failures="0" errors="0" timestamp="2021-11-27T17:11:32" hostname="LAPTOP-LSSOCV86" time="0.038">
  <properties/>
  <testcase name="testRPSRules()" classname="com.RPSTestSuite" time="0.028"/>
  <testcase name="testRPSLSRules()" classname="com.RPSTestSuite" time="0.002"/>
  <testcase name="testIsNaturalNumber()" classname="com.RPSTestSuite" time="0.006"/>
  <system-out><![CDATA[]]></system-out>
  <system-err><![CDATA[]]></system-err>
</testsuite>
